<?xml version="1.0" encoding="UTF-8"?>
<testng-results skipped="0" failed="0" ignored="0" total="1" passed="1">
  <reporter-output>
  </reporter-output>
  <suite name="Default suite" duration-ms="7996" started-at="2019-08-21T13:00:16Z" finished-at="2019-08-21T13:00:24Z">
    <groups>
    </groups>
    <test name="Default test" duration-ms="7996" started-at="2019-08-21T13:00:16Z" finished-at="2019-08-21T13:00:24Z">
      <class name="com.abhyuday.seleniumbddwithreports.scripts.TestGoogle">
        <test-method status="PASS" signature="setUp()[pri:0, instance:com.abhyuday.seleniumbddwithreports.scripts.TestGoogle@73ad2d6]" name="setUp" is-config="true" duration-ms="5232" started-at="2019-08-21T13:00:16Z" finished-at="2019-08-21T13:00:22Z">
          <reporter-output>
          </reporter-output>
        </test-method> <!-- setUp -->
        <test-method status="PASS" signature="searchTest()[pri:0, instance:com.abhyuday.seleniumbddwithreports.scripts.TestGoogle@73ad2d6]" name="searchTest" duration-ms="2065" started-at="2019-08-21T13:00:22Z" finished-at="2019-08-21T13:00:24Z">
          <reporter-output>
          </reporter-output>
        </test-method> <!-- searchTest -->
        <test-method status="PASS" signature="tearDown()[pri:0, instance:com.abhyuday.seleniumbddwithreports.scripts.TestGoogle@73ad2d6]" name="tearDown" is-config="true" duration-ms="667" started-at="2019-08-21T13:00:24Z" finished-at="2019-08-21T13:00:24Z">
          <reporter-output>
          </reporter-output>
        </test-method> <!-- tearDown -->
        <test-method status="PASS" signature="afterTest()[pri:0, instance:com.abhyuday.seleniumbddwithreports.scripts.TestGoogle@73ad2d6]" name="afterTest" is-config="true" duration-ms="6" started-at="2019-08-21T13:00:24Z" finished-at="2019-08-21T13:00:24Z">
          <reporter-output>
          </reporter-output>
        </test-method> <!-- afterTest -->
      </class> <!-- com.abhyuday.seleniumbddwithreports.scripts.TestGoogle -->
    </test> <!-- Default test -->
  </suite> <!-- Default suite -->
</testng-results>
