<?xml version="1.0" encoding="UTF-8"?>
<testng-results skipped="0" failed="0" ignored="0" total="1" passed="1">
  <reporter-output>
  </reporter-output>
  <suite name="Default suite" duration-ms="19079" started-at="2019-09-04T12:48:23Z" finished-at="2019-09-04T12:48:42Z">
    <groups>
    </groups>
    <test name="Default test" duration-ms="19079" started-at="2019-09-04T12:48:23Z" finished-at="2019-09-04T12:48:42Z">
      <class name="com.abhyuday.seleniumbddwithreports.scripts.TestRegForm">
        <test-method status="PASS" signature="setup()[pri:0, instance:com.abhyuday.seleniumbddwithreports.scripts.TestRegForm@56ef9176]" name="setup" is-config="true" duration-ms="5378" started-at="2019-09-04T12:48:23Z" finished-at="2019-09-04T12:48:28Z">
          <reporter-output>
          </reporter-output>
        </test-method> <!-- setup -->
        <test-method status="PASS" signature="testWithPreprodData()[pri:0, instance:com.abhyuday.seleniumbddwithreports.scripts.TestRegForm@56ef9176]" name="testWithPreprodData" duration-ms="12914" started-at="2019-09-04T12:48:28Z" finished-at="2019-09-04T12:48:41Z">
          <reporter-output>
          </reporter-output>
        </test-method> <!-- testWithPreprodData -->
        <test-method status="PASS" signature="tearDown()[pri:0, instance:com.abhyuday.seleniumbddwithreports.scripts.TestRegForm@56ef9176]" name="tearDown" is-config="true" duration-ms="766" started-at="2019-09-04T12:48:41Z" finished-at="2019-09-04T12:48:42Z">
          <reporter-output>
          </reporter-output>
        </test-method> <!-- tearDown -->
      </class> <!-- com.abhyuday.seleniumbddwithreports.scripts.TestRegForm -->
    </test> <!-- Default test -->
  </suite> <!-- Default suite -->
</testng-results>
