<?xml version="1.0" encoding="UTF-8"?>
<!-- Generated by org.testng.reporters.JUnitXMLReporter -->
<testsuite hostname="DESKTOP-PF412EF" ignored="0" name="Default test" tests="4" failures="0" timestamp="28 Aug 2019 12:07:21 GMT" time="29.797" errors="0">
  <testcase name="goToLearnHTML" time="1.69" classname="com.abhyuday.seleniumbddwithreports.scripts.TestW3Schools"/>
  <testcase name="goToHTMLInputTypes" time="1.844" classname="com.abhyuday.seleniumbddwithreports.scripts.TestW3Schools"/>
  <testcase name="openTryItForRadioButton" time="1.774" classname="com.abhyuday.seleniumbddwithreports.scripts.TestW3Schools"/>
  <testcase name="operateOnRadioButtons" time="6.14" classname="com.abhyuday.seleniumbddwithreports.scripts.TestW3Schools"/>
</testsuite> <!-- Default test -->
