<?xml version="1.0" encoding="UTF-8"?>
<!-- Generated by org.testng.reporters.JUnitXMLReporter -->
<testsuite hostname="DESKTOP-PF412EF" ignored="0" name="Default test" tests="9" failures="0" timestamp="29 Aug 2019 12:21:54 GMT" time="38.649" errors="0">
  <testcase name="goToLearnHTML" time="1.986" classname="com.abhyuday.seleniumbddwithreports.scripts.TestW3Schools"/>
  <testcase name="goToHTMLInputTypes" time="2.512" classname="com.abhyuday.seleniumbddwithreports.scripts.TestW3Schools"/>
  <testcase name="openTryItForRadioButton" time="4.861" classname="com.abhyuday.seleniumbddwithreports.scripts.TestW3Schools"/>
  <testcase name="operateOnRadioButtons" time="6.59" classname="com.abhyuday.seleniumbddwithreports.scripts.TestW3Schools"/>
  <testcase name="openTryItForCheckBox" time="1.685" classname="com.abhyuday.seleniumbddwithreports.scripts.TestW3Schools"/>
  <testcase name="operateOnCheckBoxes" time="1.399" classname="com.abhyuday.seleniumbddwithreports.scripts.TestW3Schools"/>
  <testcase name="openHTMLSelectTagPage" time="4.058" classname="com.abhyuday.seleniumbddwithreports.scripts.TestW3Schools"/>
  <testcase name="openTryItForSelectTag" time="2.931" classname="com.abhyuday.seleniumbddwithreports.scripts.TestW3Schools"/>
  <testcase name="selectDropDown" time="1.515" classname="com.abhyuday.seleniumbddwithreports.scripts.TestW3Schools"/>
</testsuite> <!-- Default test -->
